<?xml version="1.0" encoding="UTF-8"?>
<testng-results ignored="0" total="4" passed="4" failed="0" skipped="0">
  <reporter-output>
  </reporter-output>
  <suite started-at="2022-12-20T19:20:13 PKT" name="test on browserstack" finished-at="2022-12-20T19:20:43 PKT" duration-ms="30502">
    <groups>
    </groups>
    <test started-at="2022-12-20T19:20:13 PKT" name="Testonwindow11" finished-at="2022-12-20T19:20:41 PKT" duration-ms="28613">
      <class name="com.learnautomation.testcases.LoginTest">
        <test-method is-config="true" signature="setup(java.lang.String,java.lang.String,java.lang.String,java.lang.String,java.lang.String)[pri:0, instance:com.learnautomation.testcases.LoginTest@2f67b837]" started-at="2022-12-20T19:20:13 PKT" name="setup" finished-at="2022-12-20T19:20:26 PKT" duration-ms="13348" status="PASS">
          <params>
            <param index="0">
              <value>
                <![CDATA[true]]>
              </value>
            </param>
            <param index="1">
              <value>
                <![CDATA[Windows]]>
              </value>
            </param>
            <param index="2">
              <value>
                <![CDATA[11]]>
              </value>
            </param>
            <param index="3">
              <value>
                <![CDATA[Chrome]]>
              </value>
            </param>
            <param index="4">
              <value>
                <![CDATA[]]>
              </value>
            </param>
          </params>
          <reporter-output>
          </reporter-output>
        </test-method> <!-- setup -->
        <test-method signature="login(java.lang.String,java.lang.String)[pri:0, instance:com.learnautomation.testcases.LoginTest@2f67b837]" started-at="2022-12-20T19:20:26 PKT" name="login" data-provider="Login" finished-at="2022-12-20T19:20:34 PKT" duration-ms="7982" status="PASS">
          <params>
            <param index="0">
              <value>
                <![CDATA[standard_user]]>
              </value>
            </param>
            <param index="1">
              <value>
                <![CDATA[secret_sauce]]>
              </value>
            </param>
          </params>
          <reporter-output>
          </reporter-output>
        </test-method> <!-- login -->
        <test-method signature="logout()[pri:0, instance:com.learnautomation.testcases.LoginTest@2f67b837]" started-at="2022-12-20T19:20:34 PKT" name="logout" finished-at="2022-12-20T19:20:39 PKT" depends-on-methods="com.learnautomation.testcases.LoginTest.login" duration-ms="4950" status="PASS">
          <reporter-output>
          </reporter-output>
        </test-method> <!-- logout -->
        <test-method is-config="true" signature="tearDown()[pri:0, instance:com.learnautomation.testcases.LoginTest@2f67b837]" started-at="2022-12-20T19:20:39 PKT" name="tearDown" finished-at="2022-12-20T19:20:41 PKT" duration-ms="1933" status="PASS">
          <reporter-output>
          </reporter-output>
        </test-method> <!-- tearDown -->
      </class> <!-- com.learnautomation.testcases.LoginTest -->
    </test> <!-- Testonwindow11 -->
    <test started-at="2022-12-20T19:20:13 PKT" name="Testonwindow10" finished-at="2022-12-20T19:20:43 PKT" duration-ms="30502">
      <class name="com.learnautomation.testcases.LoginTest">
        <test-method is-config="true" signature="setup(java.lang.String,java.lang.String,java.lang.String,java.lang.String,java.lang.String)[pri:0, instance:com.learnautomation.testcases.LoginTest@602e0143]" started-at="2022-12-20T19:20:13 PKT" name="setup" finished-at="2022-12-20T19:20:30 PKT" duration-ms="16978" status="PASS">
          <params>
            <param index="0">
              <value>
                <![CDATA[true]]>
              </value>
            </param>
            <param index="1">
              <value>
                <![CDATA[Windows]]>
              </value>
            </param>
            <param index="2">
              <value>
                <![CDATA[10]]>
              </value>
            </param>
            <param index="3">
              <value>
                <![CDATA[Firefox]]>
              </value>
            </param>
            <param index="4">
              <value>
                <![CDATA[]]>
              </value>
            </param>
          </params>
          <reporter-output>
          </reporter-output>
        </test-method> <!-- setup -->
        <test-method signature="login(java.lang.String,java.lang.String)[pri:0, instance:com.learnautomation.testcases.LoginTest@602e0143]" started-at="2022-12-20T19:20:30 PKT" name="login" data-provider="Login" finished-at="2022-12-20T19:20:37 PKT" duration-ms="7681" status="PASS">
          <params>
            <param index="0">
              <value>
                <![CDATA[standard_user]]>
              </value>
            </param>
            <param index="1">
              <value>
                <![CDATA[secret_sauce]]>
              </value>
            </param>
          </params>
          <reporter-output>
          </reporter-output>
        </test-method> <!-- login -->
        <test-method signature="logout()[pri:0, instance:com.learnautomation.testcases.LoginTest@602e0143]" started-at="2022-12-20T19:20:37 PKT" name="logout" finished-at="2022-12-20T19:20:41 PKT" depends-on-methods="com.learnautomation.testcases.LoginTest.login" duration-ms="4149" status="PASS">
          <reporter-output>
          </reporter-output>
        </test-method> <!-- logout -->
        <test-method is-config="true" signature="tearDown()[pri:0, instance:com.learnautomation.testcases.LoginTest@602e0143]" started-at="2022-12-20T19:20:41 PKT" name="tearDown" finished-at="2022-12-20T19:20:43 PKT" duration-ms="1654" status="PASS">
          <reporter-output>
          </reporter-output>
        </test-method> <!-- tearDown -->
      </class> <!-- com.learnautomation.testcases.LoginTest -->
    </test> <!-- Testonwindow10 -->
  </suite> <!-- test on browserstack -->
</testng-results>
